<?xml version="1.0" encoding="UTF-8"?>
<!-- Generated by org.testng.reporters.JUnitReportReporter -->
<testsuite hostname="DESKTOP-VRBAL0D" failures="0" tests="8" name="com.lti.testcases.DashboardPageTest" time="61.830" errors="0" timestamp="2023-02-11T17:34:06 IST" skipped="0">
  <testcase classname="com.lti.testcases.DashboardPageTest" name="empDistributionLocationSectionTest" time="6.434"/>
  <system-out/>
  <testcase classname="com.lti.testcases.DashboardPageTest" name="myActionsSectionTest" time="9.637"/>
  <system-out/>
  <testcase classname="com.lti.testcases.DashboardPageTest" name="validateTimeAtWorkSectionTest" time="8.552"/>
  <system-out/>
  <testcase classname="com.lti.testcases.DashboardPageTest" name="empDistributionSubUnitSectionTest" time="6.120"/>
  <system-out/>
  <testcase classname="com.lti.testcases.DashboardPageTest" name="quickLaunchSectionTest" time="6.752"/>
  <system-out/>
  <testcase classname="com.lti.testcases.DashboardPageTest" name="validateDashboadLabelTest" time="11.827"/>
  <system-out/>
  <testcase classname="com.lti.testcases.DashboardPageTest" name="empLeaveSectionTest" time="5.887"/>
  <system-out/>
  <testcase classname="com.lti.testcases.DashboardPageTest" name="buzzPostSectionTest" time="6.621"/>
  <system-out/>
</testsuite> <!-- com.lti.testcases.DashboardPageTest -->
